# JRE version: OpenJDK Runtime Environment Corretto-11.0.9.12.1 (11.0.9.1+12) (build 11.0.9.1+12-LTS)
# Java VM: OpenJDK 64-Bit Server VM Corretto-11.0.9.12.1 (11.0.9.1+12-LTS, mixed mode, tiered, compressed oops, serial gc, linux-amd64)
Heap:
 def new generation   total 4928K, used 3395K [0x00000000f0a00000, 0x00000000f0f50000, 0x00000000f5c00000)
  eden space 4416K,  65% used [0x00000000f0a00000, 0x00000000f0cd0c70, 0x00000000f0e50000)
  from space 512K, 100% used [0x00000000f0e50000, 0x00000000f0ed0000, 0x00000000f0ed0000)
  to   space 512K,   0% used [0x00000000f0ed0000, 0x00000000f0ed0000, 0x00000000f0f50000)
 tenured generation   total 10944K, used 5072K [0x00000000f5c00000, 0x00000000f66b0000, 0x0000000100000000)
   the space 10944K,  46% used [0x00000000f5c00000, 0x00000000f60f40e0, 0x00000000f60f4200, 0x00000000f66b0000)
 Metaspace       used 6913K, capacity 6985K, committed 7040K, reserved 1056768K
  class space    used 578K, capacity 606K, committed 640K, reserved 1048576K
GC Heap History (4 events):
Event: 0.424 GC heap before
{Heap before GC invocations=0 (full 0):
 def new generation   total 4928K, used 4416K [0x00000000f0a00000, 0x00000000f0f50000, 0x00000000f5c00000)
  eden space 4416K, 100% used [0x00000000f0a00000, 0x00000000f0e50000, 0x00000000f0e50000)
  from space 512K,   0% used [0x00000000f0e50000, 0x00000000f0e50000, 0x00000000f0ed0000)
  to   space 512K,   0% used [0x00000000f0ed0000, 0x00000000f0ed0000, 0x00000000f0f50000)
 tenured generation   total 10944K, used 0K [0x00000000f5c00000, 0x00000000f66b0000, 0x0000000100000000)
   the space 10944K,   0% used [0x00000000f5c00000, 0x00000000f5c00000, 0x00000000f5c00200, 0x00000000f66b0000)
 Metaspace       used 4617K, capacity 4664K, committed 4864K, reserved 1056768K
  class space    used 395K, capacity 424K, committed 512K, reserved 1048576K
}
Event: 0.454 GC heap after
{Heap after GC invocations=1 (full 0):
 def new generation   total 4928K, used 512K [0x00000000f0a00000, 0x00000000f0f50000, 0x00000000f5c00000)
  eden space 4416K,   0% used [0x00000000f0a00000, 0x00000000f0a00000, 0x00000000f0e50000)
  from space 512K, 100% used [0x00000000f0ed0000, 0x00000000f0f50000, 0x00000000f0f50000)
  to   space 512K,   0% used [0x00000000f0e50000, 0x00000000f0e50000, 0x00000000f0ed0000)
 tenured generation   total 10944K, used 3135K [0x00000000f5c00000, 0x00000000f66b0000, 0x0000000100000000)
   the space 10944K,  28% used [0x00000000f5c00000, 0x00000000f5f0fcf0, 0x00000000f5f0fe00, 0x00000000f66b0000)
 Metaspace       used 4617K, capacity 4664K, committed 4864K, reserved 1056768K
  class space    used 395K, capacity 424K, committed 512K, reserved 1048576K
}
Event: 25.224 GC heap before
{Heap before GC invocations=1 (full 0):
 def new generation   total 4928K, used 4920K [0x00000000f0a00000, 0x00000000f0f50000, 0x00000000f5c00000)
  eden space 4416K,  99% used [0x00000000f0a00000, 0x00000000f0e4e1c0, 0x00000000f0e50000)
  from space 512K, 100% used [0x00000000f0ed0000, 0x00000000f0f50000, 0x00000000f0f50000)
  to   space 512K,   0% used [0x00000000f0e50000, 0x00000000f0e50000, 0x00000000f0ed0000)
 tenured generation   total 10944K, used 3135K [0x00000000f5c00000, 0x00000000f66b0000, 0x0000000100000000)
   the space 10944K,  28% used [0x00000000f5c00000, 0x00000000f5f0fcf0, 0x00000000f5f0fe00, 0x00000000f66b0000)
 Metaspace       used 5131K, capacity 5220K, committed 5376K, reserved 1056768K
  class space    used 438K, capacity 464K, committed 512K, reserved 1048576K
}
Event: 25.336 GC heap after
{Heap after GC invocations=2 (full 0):
 def new generation   total 4928K, used 512K [0x00000000f0a00000, 0x00000000f0f50000, 0x00000000f5c00000)
  eden space 4416K,   0% used [0x00000000f0a00000, 0x00000000f0a00000, 0x00000000f0e50000)
  from space 512K, 100% used [0x00000000f0e50000, 0x00000000f0ed0000, 0x00000000f0ed0000)
  to   space 512K,   0% used [0x00000000f0ed0000, 0x00000000f0ed0000, 0x00000000f0f50000)
 tenured generation   total 10944K, used 5072K [0x00000000f5c00000, 0x00000000f66b0000, 0x0000000100000000)
   the space 10944K,  46% used [0x00000000f5c00000, 0x00000000f60f40e0, 0x00000000f60f4200, 0x00000000f66b0000)
 Metaspace       used 5131K, capacity 5220K, committed 5376K, reserved 1056768K
  class space    used 438K, capacity 464K, committed 512K, reserved 1048576K
}

